21/03/17 5:12:39 PM Login Server (CLIENT VERSION 202003122)
21/03/17 5:12:40 PM MySql.Data.MySqlClient.MySqlException (0x80004005): Authentication to host 'localhost' for user 'root' using method 'mysql_native_password' failed with message: Unknown database 'ghost' ---> MySql.Data.MySqlClient.MySqlException (0x80004005): Unknown database 'ghost'
   at MySql.Data.MySqlClient.MySqlStream.ReadPacket()
   at MySql.Data.MySqlClient.Authentication.MySqlAuthenticationPlugin.ReadPacket()
   at MySql.Data.MySqlClient.Authentication.MySqlAuthenticationPlugin.AuthenticationFailed(Exception ex)
   at MySql.Data.MySqlClient.Authentication.MySqlAuthenticationPlugin.ReadPacket()
   at MySql.Data.MySqlClient.Authentication.MySqlAuthenticationPlugin.Authenticate(Boolean reset)
   at MySql.Data.MySqlClient.NativeDriver.Authenticate(String authMethod, Boolean reset)
   at MySql.Data.MySqlClient.NativeDriver.Open()
   at MySql.Data.MySqlClient.Driver.Open()
   at MySql.Data.MySqlClient.Driver.Create(MySqlConnectionStringBuilder settings)
   at MySql.Data.MySqlClient.MySqlPool.GetPooledConnection()
   at MySql.Data.MySqlClient.MySqlPool.TryToGetDriver()
   at MySql.Data.MySqlClient.MySqlPool.GetConnection()
   at MySql.Data.MySqlClient.MySqlConnection.Open()
   at Server.Common.Data.Database.Test() in C:\Users\work\Documents\SoulsaverX\src\Common\Data\Database.cs:line 111
   at Server.LoginServer.ServerLoop() in C:\Users\work\Documents\SoulsaverX\src\LoginServer\LoginServer.cs:line 55
21/03/17 5:16:08 PM Login Server (CLIENT VERSION 202003122)
21/03/17 5:17:22 PM Login Fail!
21/03/17 5:17:46 PM Login Fail!
21/03/17 5:17:59 PM Login Fail!
21/03/17 5:18:03 PM Unhandled exception from Server: 
System.Collections.Generic.KeyNotFoundException: The given key was not present in the dictionary.
   at System.Collections.Generic.Dictionary`2.get_Item(TKey key)
   at Server.Common.Data.Meta.IsDate(String tableName, String fieldName) in C:\Users\work\Documents\SoulsaverX\src\Common\Data\Meta.cs:line 48
   at Server.Common.Data.Datum.TrySetMember(SetMemberBinder binder, Object value) in C:\Users\work\Documents\SoulsaverX\src\Common\Data\Datum.cs:line 268
   at CallSite.Target(Closure , CallSite , Object , DateTime )
   at System.Dynamic.UpdateDelegates.UpdateAndExecute2[T0,T1,TRet](CallSite site, T0 arg0, T1 arg1)
   at Server.Accounts.Account.Save() in C:\Users\work\Documents\SoulsaverX\src\LoginServer\Accounts\Account.cs:line 71
   at Server.Ghost.Client.Unregister() in C:\Users\work\Documents\SoulsaverX\src\LoginServer\Net\Client.cs:line 53
   at Server.Common.Net.Session.Dispose() in C:\Users\work\Documents\SoulsaverX\src\Common\Net\Session.cs:line 346
   at Server.Common.Net.Session.EndReceive(IAsyncResult ar) in C:\Users\work\Documents\SoulsaverX\src\Common\Net\Session.cs:line 126
   at System.Net.LazyAsyncResult.Complete(IntPtr userToken)
   at System.Net.ContextAwareResult.CompleteCallback(Object state)
   at System.Threading.ExecutionContext.RunInternal(ExecutionContext executionContext, ContextCallback callback, Object state, Boolean preserveSyncCtx)
   at System.Threading.ExecutionContext.Run(ExecutionContext executionContext, ContextCallback callback, Object state, Boolean preserveSyncCtx)
   at System.Threading.ExecutionContext.Run(ExecutionContext executionContext, ContextCallback callback, Object state)
   at System.Net.ContextAwareResult.Complete(IntPtr userToken)
   at System.Net.LazyAsyncResult.ProtectedInvokeCallback(Object result, IntPtr userToken)
   at System.Net.Sockets.BaseOverlappedAsyncResult.CompletionPortCallback(UInt32 errorCode, UInt32 numBytes, NativeOverlapped* nativeOverlapped)
   at System.Threading._IOCompletionCallback.PerformIOCompletionCallback(UInt32 errorCode, UInt32 numBytes, NativeOverlapped* pOVERLAP)
21/03/17 5:20:07 PM Login Server (CLIENT VERSION 202003122)
21/03/17 5:21:09 PM Warning: Unregistered Char Wrold01.
21/03/17 5:21:10 PM Warning: Unregistered Game Wrold01-1.
21/03/17 5:21:31 PM Login Server (CLIENT VERSION 202003122)
21/03/17 5:22:45 PM Login Server (CLIENT VERSION 202003122)
21/03/17 5:25:03 PM Login Server (CLIENT VERSION 202003122)
21/03/18 8:41:55 PM Login Server (CLIENT VERSION 202003122)
21/03/18 8:42:00 PM MySql.Data.MySqlClient.MySqlException (0x80004005): Unable to connect to any of the specified MySQL hosts.
   at MySql.Data.MySqlClient.NativeDriver.Open()
   at MySql.Data.MySqlClient.Driver.Open()
   at MySql.Data.MySqlClient.Driver.Create(MySqlConnectionStringBuilder settings)
   at MySql.Data.MySqlClient.MySqlPool.GetPooledConnection()
   at MySql.Data.MySqlClient.MySqlPool.TryToGetDriver()
   at MySql.Data.MySqlClient.MySqlPool.GetConnection()
   at MySql.Data.MySqlClient.MySqlConnection.Open()
   at Server.Common.Data.Database.Test() in C:\Users\work\Documents\SoulsaverX\src\Common\Data\Database.cs:line 111
   at Server.LoginServer.ServerLoop() in C:\Users\work\Documents\SoulsaverX\src\LoginServer\LoginServer.cs:line 55
21/03/18 8:42:24 PM Login Server (CLIENT VERSION 202003122)
21/03/18 8:43:37 PM Unhandled exception from Server: 
System.Collections.Generic.KeyNotFoundException: The given key was not present in the dictionary.
   at System.Collections.Generic.Dictionary`2.get_Item(TKey key)
   at Server.Common.Data.Meta.IsDate(String tableName, String fieldName) in C:\Users\work\Documents\SoulsaverX\src\Common\Data\Meta.cs:line 48
   at Server.Common.Data.Datum.TrySetMember(SetMemberBinder binder, Object value) in C:\Users\work\Documents\SoulsaverX\src\Common\Data\Datum.cs:line 268
   at CallSite.Target(Closure , CallSite , Object , DateTime )
   at System.Dynamic.UpdateDelegates.UpdateAndExecute2[T0,T1,TRet](CallSite site, T0 arg0, T1 arg1)
   at Server.Accounts.Account.Save() in C:\Users\work\Documents\SoulsaverX\src\LoginServer\Accounts\Account.cs:line 71
   at Server.Ghost.Client.Unregister() in C:\Users\work\Documents\SoulsaverX\src\LoginServer\Net\Client.cs:line 53
   at Server.Common.Net.Session.Dispose() in C:\Users\work\Documents\SoulsaverX\src\Common\Net\Session.cs:line 346
   at Server.Common.Net.Session.EndReceive(IAsyncResult ar) in C:\Users\work\Documents\SoulsaverX\src\Common\Net\Session.cs:line 126
   at System.Net.LazyAsyncResult.Complete(IntPtr userToken)
   at System.Net.ContextAwareResult.CompleteCallback(Object state)
   at System.Threading.ExecutionContext.RunInternal(ExecutionContext executionContext, ContextCallback callback, Object state, Boolean preserveSyncCtx)
   at System.Threading.ExecutionContext.Run(ExecutionContext executionContext, ContextCallback callback, Object state, Boolean preserveSyncCtx)
   at System.Threading.ExecutionContext.Run(ExecutionContext executionContext, ContextCallback callback, Object state)
   at System.Net.ContextAwareResult.Complete(IntPtr userToken)
   at System.Net.LazyAsyncResult.ProtectedInvokeCallback(Object result, IntPtr userToken)
   at System.Net.Sockets.BaseOverlappedAsyncResult.CompletionPortCallback(UInt32 errorCode, UInt32 numBytes, NativeOverlapped* nativeOverlapped)
   at System.Threading._IOCompletionCallback.PerformIOCompletionCallback(UInt32 errorCode, UInt32 numBytes, NativeOverlapped* pOVERLAP)
21/03/18 9:13:31 PM Login Server (CLIENT VERSION 202003122)
21/03/18 9:14:48 PM Warning: Unregistered Char Wrold01.
21/03/18 9:14:49 PM Warning: Unregistered Game Wrold01-1.
21/03/18 9:14:56 PM Login Server (CLIENT VERSION 202003122)
21/03/18 9:15:13 PM Warning: Unregistered Game Wrold01-1.
21/03/18 9:15:14 PM Warning: Unregistered Char Wrold01.
21/03/18 9:15:27 PM Login Server (CLIENT VERSION 202003122)
21/03/18 9:15:57 PM Warning: Unregistered Game Wrold01-1.
21/03/18 9:16:06 PM Login Server (CLIENT VERSION 202003122)
21/03/18 9:16:15 PM Warning: Unregistered Char Wrold01.
21/03/18 9:16:15 PM Warning: Unregistered Game Wrold01-1.
21/03/18 9:16:32 PM Login Server (CLIENT VERSION 202003122)
21/03/18 9:17:31 PM Warning: Unregistered Char Wrold01.
21/03/18 9:17:43 PM Login Server (CLIENT VERSION 202003122)
21/03/18 9:19:18 PM Unhandled exception from Server: 
System.Collections.Generic.KeyNotFoundException: The given key was not present in the dictionary.
   at System.Collections.Generic.Dictionary`2.get_Item(TKey key)
   at Server.Common.Data.Meta.IsDate(String tableName, String fieldName) in C:\Users\work\Documents\SoulsaverX\src\Common\Data\Meta.cs:line 48
   at Server.Common.Data.Datum.TrySetMember(SetMemberBinder binder, Object value) in C:\Users\work\Documents\SoulsaverX\src\Common\Data\Datum.cs:line 268
   at CallSite.Target(Closure , CallSite , Object , DateTime )
   at System.Dynamic.UpdateDelegates.UpdateAndExecute2[T0,T1,TRet](CallSite site, T0 arg0, T1 arg1)
   at Server.Accounts.Account.Save() in C:\Users\work\Documents\SoulsaverX\src\LoginServer\Accounts\Account.cs:line 71
   at Server.Ghost.Client.Unregister() in C:\Users\work\Documents\SoulsaverX\src\LoginServer\Net\Client.cs:line 53
   at Server.Common.Net.Session.Dispose() in C:\Users\work\Documents\SoulsaverX\src\Common\Net\Session.cs:line 346
   at Server.Common.Net.Session.EndReceive(IAsyncResult ar) in C:\Users\work\Documents\SoulsaverX\src\Common\Net\Session.cs:line 126
   at System.Net.LazyAsyncResult.Complete(IntPtr userToken)
   at System.Net.ContextAwareResult.CompleteCallback(Object state)
   at System.Threading.ExecutionContext.RunInternal(ExecutionContext executionContext, ContextCallback callback, Object state, Boolean preserveSyncCtx)
   at System.Threading.ExecutionContext.Run(ExecutionContext executionContext, ContextCallback callback, Object state, Boolean preserveSyncCtx)
   at System.Threading.ExecutionContext.Run(ExecutionContext executionContext, ContextCallback callback, Object state)
   at System.Net.ContextAwareResult.Complete(IntPtr userToken)
   at System.Net.LazyAsyncResult.ProtectedInvokeCallback(Object result, IntPtr userToken)
   at System.Net.Sockets.BaseOverlappedAsyncResult.CompletionPortCallback(UInt32 errorCode, UInt32 numBytes, NativeOverlapped* nativeOverlapped)
   at System.Threading._IOCompletionCallback.PerformIOCompletionCallback(UInt32 errorCode, UInt32 numBytes, NativeOverlapped* pOVERLAP)
